TN:
SF:src/auth/etsy/server.ts
FN:60,(anonymous_0)
FN:71,(anonymous_1)
FN:98,(anonymous_2)
FN:160,(anonymous_3)
FN:173,codeChallenge
FN:176,(anonymous_5)
FN:179,(anonymous_6)
FNF:7
FNH:0
FNDA:0,(anonymous_0)
FNDA:0,(anonymous_1)
FNDA:0,(anonymous_2)
FNDA:0,(anonymous_3)
FNDA:0,codeChallenge
FNDA:0,(anonymous_5)
FNDA:0,(anonymous_6)
DA:15,0
DA:16,0
DA:17,0
DA:18,0
DA:19,0
DA:20,0
DA:48,0
DA:51,0
DA:53,0
DA:54,0
DA:56,0
DA:57,0
DA:60,0
DA:61,0
DA:71,0
DA:72,0
DA:79,0
DA:81,0
DA:82,0
DA:83,0
DA:85,0
DA:89,0
DA:90,0
DA:91,0
DA:98,0
DA:99,0
DA:100,0
DA:101,0
DA:102,0
DA:105,0
DA:107,0
DA:121,0
DA:123,0
DA:124,0
DA:125,0
DA:126,0
DA:129,0
DA:131,0
DA:132,0
DA:137,0
DA:141,0
DA:142,0
DA:147,0
DA:148,0
DA:151,0
DA:152,0
DA:153,0
DA:158,0
DA:160,0
DA:161,0
DA:176,0
DA:177,0
DA:179,0
DA:180,0
DA:184,0
DA:188,0
DA:189,0
DA:190,0
DA:191,0
DA:193,0
LF:60
LH:0
BRDA:75,0,0,0
BRDA:75,0,1,0
BRDA:81,1,0,0
BRDA:81,1,1,0
BRDA:101,2,0,0
BRDA:123,3,0,0
BRDA:123,3,1,0
BRDA:125,4,0,0
BRF:8
BRH:0
end_of_record
TN:
SF:src/auth/etsy/types.ts
FN:28,isTokenResponse
FNF:1
FNH:0
FNDA:0,isTokenResponse
DA:28,0
DA:29,0
LF:2
LH:0
BRDA:30,0,0,0
BRDA:30,0,1,0
BRDA:30,0,2,0
BRDA:30,0,3,0
BRDA:30,0,4,0
BRDA:30,0,5,0
BRDA:30,0,6,0
BRDA:30,0,7,0
BRF:8
BRH:0
end_of_record
TN:
SF:src/database/index.ts
FN:49,connectWithRetry
FN:61,(anonymous_1)
FN:79,mongoConnect
FN:90,(anonymous_3)
FN:96,(anonymous_4)
FN:124,closeConnection
FN:141,(anonymous_6)
FN:142,(anonymous_7)
FN:146,(anonymous_8)
FN:148,(anonymous_9)
FNF:10
FNH:0
FNDA:0,connectWithRetry
FNDA:0,(anonymous_1)
FNDA:0,mongoConnect
FNDA:0,(anonymous_3)
FNDA:0,(anonymous_4)
FNDA:0,closeConnection
FNDA:0,(anonymous_6)
FNDA:0,(anonymous_7)
FNDA:0,(anonymous_8)
FNDA:0,(anonymous_9)
DA:14,1
DA:15,1
DA:16,1
DA:19,1
DA:22,1
DA:33,1
DA:36,1
DA:38,1
DA:39,1
DA:40,1
DA:41,1
DA:50,0
DA:52,0
DA:53,0
DA:54,0
DA:55,0
DA:57,0
DA:58,0
DA:61,0
DA:62,0
DA:65,0
DA:79,1
DA:83,0
DA:84,0
DA:85,0
DA:86,0
DA:87,0
DA:90,0
DA:91,0
DA:96,0
DA:97,0
DA:98,0
DA:102,0
DA:103,0
DA:105,0
DA:108,0
DA:109,0
DA:110,0
DA:111,0
DA:124,1
DA:125,0
DA:126,0
DA:127,0
DA:128,0
DA:129,0
DA:133,0
DA:134,0
DA:135,0
DA:136,0
DA:141,1
DA:142,0
DA:146,1
DA:147,0
DA:148,0
LF:54
LH:15
BRDA:19,0,0,1
BRDA:19,0,1,1
BRDA:36,1,0,1
BRDA:36,1,1,1
BRDA:57,2,0,0
BRDA:79,3,0,0
BRDA:84,4,0,0
BRDA:126,5,0,0
BRDA:147,6,0,0
BRDA:147,6,1,0
BRF:10
BRH:4
end_of_record
TN:
SF:src/errors/CustomError.ts
FN:13,(anonymous_0)
FN:54,(anonymous_1)
FN:71,(anonymous_2)
FN:93,(anonymous_3)
FN:99,(anonymous_4)
FN:105,(anonymous_5)
FN:111,(anonymous_6)
FN:117,(anonymous_7)
FN:123,(anonymous_8)
FN:129,(anonymous_9)
FN:135,(anonymous_10)
FNF:11
FNH:11
FNDA:3,(anonymous_0)
FNDA:21,(anonymous_1)
FNDA:1,(anonymous_2)
FNDA:1,(anonymous_3)
FNDA:1,(anonymous_4)
FNDA:1,(anonymous_5)
FNDA:1,(anonymous_6)
FNDA:1,(anonymous_7)
FNDA:4,(anonymous_8)
FNDA:9,(anonymous_9)
FNDA:1,(anonymous_10)
DA:13,3
DA:14,3
DA:15,3
DA:16,3
DA:17,3
DA:18,3
DA:19,3
DA:20,3
DA:21,3
DA:41,3
DA:55,21
DA:56,21
DA:57,21
DA:58,21
DA:59,21
DA:61,21
DA:62,21
DA:72,1
DA:86,3
DA:94,1
DA:98,3
DA:100,1
DA:104,3
DA:106,1
DA:110,3
DA:112,1
DA:116,3
DA:118,1
DA:122,3
DA:124,4
DA:128,3
DA:130,9
DA:134,3
DA:136,1
LF:34
LH:34
BRDA:13,0,0,3
BRDA:13,0,1,3
BRDA:61,1,0,21
BRF:3
BRH:3
end_of_record
TN:
SF:src/errors/errorHandler.ts
FN:20,captureErrorContext
FN:36,handleError
FNF:2
FNH:0
FNDA:0,captureErrorContext
FNDA:0,handleError
DA:9,2
DA:10,2
DA:11,2
DA:12,2
DA:21,0
DA:36,2
DA:37,0
DA:40,0
DA:41,0
DA:42,0
DA:49,0
DA:50,0
DA:60,0
DA:61,0
DA:77,0
DA:78,0
DA:88,0
LF:17
LH:5
BRDA:40,0,0,0
BRDA:49,1,0,0
BRDA:60,2,0,0
BRDA:64,3,0,0
BRDA:64,3,1,0
BRDA:77,4,0,0
BRF:6
BRH:0
end_of_record
TN:
SF:src/errors/index.ts
FNF:0
FNH:0
DA:8,2
DA:9,2
DA:10,2
LF:3
LH:3
BRF:0
BRH:0
end_of_record
TN:
SF:src/errors/logger.ts
FN:24,(anonymous_0)
FN:45,(anonymous_1)
FN:57,(anonymous_2)
FN:68,(anonymous_3)
FN:80,(anonymous_4)
FNF:5
FNH:0
FNDA:0,(anonymous_0)
FNDA:0,(anonymous_1)
FNDA:0,(anonymous_2)
FNDA:0,(anonymous_3)
FNDA:0,(anonymous_4)
DA:15,2
DA:25,0
DA:26,0
DA:28,0
DA:29,0
DA:32,0
DA:33,0
DA:36,0
DA:46,0
DA:47,0
DA:58,0
DA:69,0
DA:81,0
DA:82,0
LF:14
LH:1
BRDA:28,0,0,0
BRDA:32,1,0,0
BRDA:58,2,0,0
BRDA:58,2,1,0
BRDA:69,3,0,0
BRDA:69,3,1,0
BRDA:81,4,0,0
BRDA:82,5,0,0
BRDA:82,5,1,0
BRF:9
BRH:0
end_of_record
TN:
SF:src/handlers/generate-images/defaultDescription.ts
FNF:0
FNH:0
DA:16,0
DA:44,0
DA:77,0
DA:102,0
LF:4
LH:0
BRF:0
BRH:0
end_of_record
TN:
SF:src/handlers/generate-images/generateImages.ts
FN:39,validateImageData
FN:102,processImageFile
FN:163,generateImagesFromRescale
FN:172,(anonymous_3)
FNF:4
FNH:0
FNDA:0,validateImageData
FNDA:0,processImageFile
FNDA:0,generateImagesFromRescale
FNDA:0,(anonymous_3)
DA:15,0
DA:16,0
DA:17,0
DA:23,0
DA:24,0
DA:25,0
DA:26,0
DA:28,0
DA:40,0
DA:41,0
DA:44,0
DA:45,0
DA:48,0
DA:49,0
DA:53,0
DA:75,0
DA:109,0
DA:110,0
DA:111,0
DA:114,0
DA:116,0
DA:129,0
DA:131,0
DA:133,0
DA:134,0
DA:137,0
DA:139,0
DA:140,0
DA:142,0
DA:143,0
DA:144,0
DA:163,0
DA:164,0
DA:165,0
DA:167,0
DA:168,0
DA:169,0
DA:172,0
DA:173,0
DA:175,0
DA:177,0
DA:178,0
DA:179,0
DA:181,0
DA:182,0
DA:183,0
DA:185,0
DA:186,0
DA:188,0
DA:189,0
DA:190,0
DA:191,0
DA:195,0
DA:197,0
DA:198,0
DA:199,0
LF:56
LH:0
BRDA:40,0,0,0
BRDA:44,1,0,0
BRDA:48,2,0,0
BRDA:54,3,0,0
BRDA:54,3,1,0
BRDA:56,4,0,0
BRDA:56,4,1,0
BRDA:57,5,0,0
BRDA:57,5,1,0
BRDA:58,6,0,0
BRDA:58,6,1,0
BRDA:59,7,0,0
BRDA:59,7,1,0
BRDA:133,8,0,0
BRDA:168,9,0,0
BRDA:179,10,0,0
BRF:16
BRH:0
end_of_record
TN:
SF:src/handlers/generate-images/genericKeywords.ts
FNF:0
FNH:0
DA:13,0
DA:36,0
DA:56,0
DA:75,0
LF:4
LH:0
BRF:0
BRH:0
end_of_record
TN:
SF:src/handlers/generate-images/index.ts
FN:49,(anonymous_0)
FNF:1
FNH:0
FNDA:0,(anonymous_0)
DA:8,0
DA:9,0
DA:10,0
DA:11,0
DA:12,0
DA:13,0
DA:14,0
DA:15,0
DA:21,0
DA:49,0
DA:50,0
DA:51,0
DA:53,0
DA:55,0
DA:58,0
DA:59,0
DA:64,0
DA:66,0
DA:68,0
DA:69,0
DA:70,0
DA:72,0
DA:73,0
DA:76,0
DA:84,0
LF:25
LH:0
BRDA:66,0,0,0
BRDA:66,0,1,0
BRF:2
BRH:0
end_of_record
TN:
SF:src/handlers/generate-images/queryWithOpenAi.ts
FN:47,generateKeywordArray
FN:147,generatePromptTemplate
FN:187,executeWithRetry
FN:208,(anonymous_3)
FN:231,getImageData
FN:242,(anonymous_5)
FNF:6
FNH:0
FNDA:0,generateKeywordArray
FNDA:0,generatePromptTemplate
FNDA:0,executeWithRetry
FNDA:0,(anonymous_3)
FNDA:0,getImageData
FNDA:0,(anonymous_5)
DA:8,0
DA:9,0
DA:15,0
DA:16,0
DA:19,0
DA:24,0
DA:25,0
DA:31,0
DA:48,0
DA:50,0
DA:53,0
DA:56,0
DA:58,0
DA:59,0
DA:60,0
DA:61,0
DA:62,0
DA:66,0
DA:67,0
DA:70,0
DA:98,0
DA:148,0
DA:190,0
DA:191,0
DA:192,0
DA:194,0
DA:195,0
DA:199,0
DA:202,0
DA:206,0
DA:207,0
DA:208,0
DA:209,0
DA:212,0
DA:213,0
DA:217,0
DA:231,0
DA:232,0
DA:233,0
DA:234,0
DA:237,0
DA:238,0
DA:240,0
DA:241,0
DA:243,0
DA:269,0
DA:275,0
DA:276,0
DA:278,0
DA:284,0
DA:285,0
DA:288,0
DA:289,0
DA:292,0
DA:294,0
DA:299,0
DA:301,0
DA:302,0
DA:304,0
DA:305,0
DA:308,0
LF:61
LH:0
BRDA:50,0,0,0
BRDA:50,0,1,0
BRDA:61,1,0,0
BRDA:66,2,0,0
BRDA:150,3,0,0
BRDA:150,3,1,0
BRDA:199,4,0,0
BRDA:199,4,1,0
BRDA:199,4,2,0
BRDA:202,5,0,0
BRDA:203,6,0,0
BRDA:203,6,1,0
BRDA:203,6,2,0
BRDA:203,6,3,0
BRDA:233,7,0,0
BRDA:269,8,0,0
BRDA:269,8,1,0
BRDA:269,9,0,0
BRDA:269,9,1,0
BRDA:269,9,2,0
BRDA:270,10,0,0
BRDA:270,10,1,0
BRDA:284,11,0,0
BRDA:284,12,0,0
BRDA:284,12,1,0
BRDA:288,13,0,0
BRDA:304,14,0,0
BRF:27
BRH:0
end_of_record
TN:
SF:src/handlers/generate-listing/index.ts
FN:61,(anonymous_0)
FN:114,createPrintifyListingsData
FN:139,(anonymous_2)
FNF:3
FNH:0
FNDA:0,(anonymous_0)
FNDA:0,createPrintifyListingsData
FNDA:0,(anonymous_2)
DA:13,0
DA:14,0
DA:15,0
DA:17,0
DA:18,0
DA:19,0
DA:20,0
DA:21,0
DA:22,0
DA:23,0
DA:25,0
DA:27,0
DA:33,0
DA:61,0
DA:62,0
DA:63,0
DA:64,0
DA:65,0
DA:67,0
DA:68,0
DA:69,0
DA:70,0
DA:73,0
DA:74,0
DA:75,0
DA:77,0
DA:79,0
DA:80,0
DA:84,0
DA:86,0
DA:87,0
DA:88,0
DA:114,0
DA:124,0
DA:125,0
DA:129,0
DA:131,0
DA:132,0
DA:133,0
DA:134,0
DA:135,0
DA:138,0
DA:139,0
DA:142,0
DA:143,0
DA:144,0
DA:145,0
DA:150,0
DA:151,0
DA:156,0
DA:157,0
DA:161,0
DA:163,0
DA:165,0
DA:192,0
DA:193,0
DA:196,0
DA:197,0
DA:200,0
DA:205,0
DA:206,0
DA:209,0
DA:210,0
DA:223,0
DA:224,0
DA:227,0
DA:232,0
DA:234,0
DA:235,0
DA:236,0
LF:70
LH:0
BRDA:67,0,0,0
BRDA:131,1,0,0
BRDA:133,2,0,0
BRDA:142,3,0,0
BRDA:142,3,1,0
BRDA:156,4,0,0
BRDA:192,5,0,0
BRDA:196,6,0,0
BRDA:223,7,0,0
BRF:9
BRH:0
end_of_record
TN:
SF:src/handlers/generate-listing/listingConfig.ts
FN:24,(anonymous_0)
FN:292,generateListingConfig
FN:311,(anonymous_2)
FN:320,(anonymous_3)
FN:329,(anonymous_4)
FN:343,(anonymous_5)
FN:356,(anonymous_6)
FN:370,(anonymous_7)
FN:379,(anonymous_8)
FN:388,(anonymous_9)
FN:402,(anonymous_10)
FN:411,(anonymous_11)
FN:420,(anonymous_12)
FNF:13
FNH:0
FNDA:0,(anonymous_0)
FNDA:0,generateListingConfig
FNDA:0,(anonymous_2)
FNDA:0,(anonymous_3)
FNDA:0,(anonymous_4)
FNDA:0,(anonymous_5)
FNDA:0,(anonymous_6)
FNDA:0,(anonymous_7)
FNDA:0,(anonymous_8)
FNDA:0,(anonymous_9)
FNDA:0,(anonymous_10)
FNDA:0,(anonymous_11)
FNDA:0,(anonymous_12)
DA:11,0
DA:13,0
DA:14,0
DA:16,0
DA:24,0
DA:27,0
DA:45,0
DA:92,0
DA:141,0
DA:190,0
DA:237,0
DA:292,0
DA:306,0
DA:308,0
DA:310,0
DA:311,0
DA:312,0
DA:314,0
DA:315,0
DA:319,0
DA:320,0
DA:321,0
DA:323,0
DA:324,0
DA:328,0
DA:329,0
DA:330,0
DA:332,0
DA:333,0
DA:337,0
DA:340,0
DA:342,0
DA:343,0
DA:344,0
DA:346,0
DA:347,0
DA:351,0
DA:353,0
DA:355,0
DA:356,0
DA:357,0
DA:359,0
DA:360,0
DA:364,0
DA:367,0
DA:369,0
DA:370,0
DA:371,0
DA:373,0
DA:374,0
DA:378,0
DA:379,0
DA:380,0
DA:382,0
DA:383,0
DA:387,0
DA:388,0
DA:389,0
DA:391,0
DA:392,0
DA:396,0
DA:399,0
DA:401,0
DA:402,0
DA:403,0
DA:405,0
DA:406,0
DA:410,0
DA:411,0
DA:412,0
DA:414,0
DA:415,0
DA:419,0
DA:420,0
DA:421,0
DA:423,0
DA:424,0
DA:428,0
DA:431,0
LF:79
LH:0
BRDA:46,0,0,0
BRDA:46,0,1,0
BRDA:47,1,0,0
BRDA:47,1,1,0
BRDA:93,2,0,0
BRDA:93,2,1,0
BRDA:94,3,0,0
BRDA:94,3,1,0
BRDA:142,4,0,0
BRDA:142,4,1,0
BRDA:143,5,0,0
BRDA:143,5,1,0
BRDA:191,6,0,0
BRDA:191,6,1,0
BRDA:192,7,0,0
BRDA:192,7,1,0
BRDA:238,8,0,0
BRDA:238,8,1,0
BRDA:239,9,0,0
BRDA:239,9,1,0
BRDA:306,10,0,0
BRDA:306,10,1,0
BRDA:306,10,2,0
BRDA:306,10,3,0
BRDA:306,10,4,0
BRDA:306,10,5,0
BRDA:310,11,0,0
BRDA:314,12,0,0
BRDA:319,13,0,0
BRDA:323,14,0,0
BRDA:328,15,0,0
BRDA:332,16,0,0
BRDA:342,17,0,0
BRDA:346,18,0,0
BRDA:355,19,0,0
BRDA:359,20,0,0
BRDA:369,21,0,0
BRDA:373,22,0,0
BRDA:378,23,0,0
BRDA:382,24,0,0
BRDA:387,25,0,0
BRDA:391,26,0,0
BRDA:401,27,0,0
BRDA:405,28,0,0
BRDA:410,29,0,0
BRDA:414,30,0,0
BRDA:419,31,0,0
BRDA:423,32,0,0
BRF:48
BRH:0
end_of_record
TN:
SF:src/handlers/update-etsy/index.ts
FN:67,(anonymous_0)
FN:106,(anonymous_1)
FN:107,(anonymous_2)
FN:126,(anonymous_3)
FN:127,(anonymous_4)
FNF:5
FNH:0
FNDA:0,(anonymous_0)
FNDA:0,(anonymous_1)
FNDA:0,(anonymous_2)
FNDA:0,(anonymous_3)
FNDA:0,(anonymous_4)
DA:11,0
DA:12,0
DA:13,0
DA:15,0
DA:17,0
DA:18,0
DA:19,0
DA:20,0
DA:27,0
DA:28,0
DA:29,0
DA:30,0
DA:31,0
DA:37,0
DA:67,0
DA:68,0
DA:69,0
DA:70,0
DA:72,0
DA:74,0
DA:75,0
DA:76,0
DA:80,0
DA:82,0
DA:83,0
DA:84,0
DA:86,0
DA:88,0
DA:89,0
DA:90,0
DA:92,0
DA:93,0
DA:94,0
DA:96,0
DA:97,0
DA:98,0
DA:100,0
DA:101,0
DA:102,0
DA:105,0
DA:106,0
DA:107,0
DA:109,0
DA:111,0
DA:112,0
DA:114,0
DA:116,0
DA:118,0
DA:119,0
DA:120,0
DA:123,0
DA:125,0
DA:126,0
DA:127,0
DA:129,0
DA:131,0
DA:132,0
DA:135,0
DA:137,0
DA:145,0
DA:149,0
DA:150,0
DA:155,0
DA:157,0
DA:159,0
DA:160,0
DA:161,0
DA:163,0
DA:164,0
DA:168,0
DA:170,0
LF:71
LH:0
BRDA:74,0,0,0
BRDA:74,1,0,0
BRDA:74,1,1,0
BRDA:74,1,2,0
BRDA:80,2,0,0
BRDA:80,2,1,0
BRDA:86,3,0,0
BRDA:86,3,1,0
BRDA:86,3,2,0
BRDA:86,3,3,0
BRDA:114,4,0,0
BRDA:114,4,1,0
BRDA:114,4,2,0
BRDA:118,5,0,0
BRDA:131,6,0,0
BRDA:157,7,0,0
BRDA:157,7,1,0
BRF:17
BRH:0
end_of_record
TN:
SF:src/handlers/update-etsy/update-previous.ts
FN:28,(anonymous_0)
FN:39,(anonymous_1)
FN:40,(anonymous_2)
FNF:3
FNH:0
FNDA:0,(anonymous_0)
FNDA:0,(anonymous_1)
FNDA:0,(anonymous_2)
DA:11,0
DA:12,0
DA:13,0
DA:14,0
DA:15,0
DA:28,0
DA:29,0
DA:31,0
DA:33,0
DA:34,0
DA:35,0
DA:38,0
DA:39,0
DA:40,0
DA:46,0
DA:47,0
DA:49,0
DA:51,0
LF:18
LH:0
BRDA:33,0,0,0
BRDA:49,1,0,0
BRDA:49,1,1,0
BRDA:49,1,2,0
BRF:4
BRH:0
end_of_record
TN:
SF:src/helpers/databaseUtils.ts
FN:21,dbTidy
FN:25,(anonymous_1)
FNF:2
FNH:0
FNDA:0,dbTidy
FNDA:0,(anonymous_1)
DA:7,0
DA:9,0
DA:10,0
DA:21,0
DA:25,0
DA:26,0
DA:27,0
DA:29,0
DA:32,0
DA:34,0
DA:35,0
DA:36,0
DA:37,0
DA:41,0
LF:14
LH:0
BRDA:26,0,0,0
BRDA:35,1,0,0
BRF:2
BRH:0
end_of_record
TN:
SF:src/helpers/dateUtils.ts
FN:12,getformattedDate
FN:28,generateRandomNumber
FN:43,extractImageId
FNF:3
FNH:0
FNDA:0,getformattedDate
FNDA:0,generateRandomNumber
FNDA:0,extractImageId
DA:12,0
DA:13,0
DA:14,0
DA:15,0
DA:16,0
DA:17,0
DA:19,0
DA:28,0
DA:29,0
DA:30,0
DA:31,0
DA:33,0
DA:43,0
DA:44,0
DA:45,0
DA:46,0
LF:16
LH:0
BRDA:30,0,0,0
BRDA:46,1,0,0
BRDA:46,1,1,0
BRF:3
BRH:0
end_of_record
TN:
SF:src/helpers/fileSystem.ts
FN:19,validatePath
FN:34,ensureDirectoryExists
FN:56,getBuffer
FN:137,relocateRescaleImage
FN:195,createFile
FNF:5
FNH:0
FNDA:0,validatePath
FNDA:0,ensureDirectoryExists
FNDA:0,getBuffer
FNDA:0,relocateRescaleImage
FNDA:0,createFile
DA:6,0
DA:7,0
DA:9,0
DA:10,0
DA:20,0
DA:21,0
DA:22,0
DA:24,0
DA:35,0
DA:36,0
DA:37,0
DA:38,0
DA:41,0
DA:42,0
DA:43,0
DA:56,0
DA:64,0
DA:65,0
DA:72,0
DA:74,0
DA:75,0
DA:77,0
DA:78,0
DA:79,0
DA:82,0
DA:83,0
DA:85,0
DA:86,0
DA:87,0
DA:90,0
DA:92,0
DA:93,0
DA:94,0
DA:97,0
DA:98,0
DA:100,0
DA:101,0
DA:102,0
DA:105,0
DA:106,0
DA:112,0
DA:113,0
DA:114,0
DA:121,0
DA:123,0
DA:124,0
DA:125,0
DA:137,0
DA:138,0
DA:139,0
DA:140,0
DA:142,0
DA:143,0
DA:149,0
DA:151,0
DA:152,0
DA:154,0
DA:155,0
DA:156,0
DA:158,0
DA:160,0
DA:161,0
DA:165,0
DA:166,0
DA:169,0
DA:170,0
DA:171,0
DA:175,0
DA:176,0
DA:179,0
DA:180,0
DA:181,0
DA:195,0
DA:200,0
DA:203,0
DA:205,0
DA:207,0
DA:208,0
DA:209,0
DA:211,0
DA:212,0
DA:213,0
LF:82
LH:0
BRDA:19,0,0,0
BRDA:22,1,0,0
BRDA:22,1,1,0
BRDA:36,2,0,0
BRDA:64,3,0,0
BRDA:78,4,0,0
BRDA:78,5,0,0
BRDA:78,5,1,0
BRDA:82,6,0,0
BRDA:85,7,0,0
BRDA:93,8,0,0
BRDA:93,9,0,0
BRDA:93,9,1,0
BRDA:97,10,0,0
BRDA:100,11,0,0
BRDA:142,12,0,0
BRDA:158,13,0,0
BRDA:160,14,0,0
BRDA:175,15,0,0
BRF:19
BRH:0
end_of_record
TN:
SF:src/helpers/index.ts
FN:16,(anonymous_0)
FN:16,(anonymous_1)
FN:16,(anonymous_2)
FN:19,(anonymous_3)
FN:19,(anonymous_4)
FN:22,(anonymous_5)
FN:22,(anonymous_6)
FN:22,(anonymous_7)
FN:25,(anonymous_8)
FN:29,(anonymous_9)
FN:30,(anonymous_10)
FN:31,(anonymous_11)
FN:32,(anonymous_12)
FN:33,(anonymous_13)
FN:34,(anonymous_14)
FN:35,(anonymous_15)
FNF:16
FNH:0
FNDA:0,(anonymous_0)
FNDA:0,(anonymous_1)
FNDA:0,(anonymous_2)
FNDA:0,(anonymous_3)
FNDA:0,(anonymous_4)
FNDA:0,(anonymous_5)
FNDA:0,(anonymous_6)
FNDA:0,(anonymous_7)
FNDA:0,(anonymous_8)
FNDA:0,(anonymous_9)
FNDA:0,(anonymous_10)
FNDA:0,(anonymous_11)
FNDA:0,(anonymous_12)
FNDA:0,(anonymous_13)
FNDA:0,(anonymous_14)
FNDA:0,(anonymous_15)
DA:16,0
DA:19,0
DA:22,0
DA:25,0
DA:28,0
DA:29,0
DA:30,0
DA:31,0
DA:32,0
DA:33,0
DA:34,0
DA:35,0
LF:12
LH:0
BRF:0
BRH:0
end_of_record
TN:
SF:src/helpers/productConfig.ts
FN:25,getProductDetails
FN:150,getGeneratedFileNames
FN:156,(anonymous_2)
FN:157,(anonymous_3)
FN:161,(anonymous_4)
FN:162,(anonymous_5)
FN:166,(anonymous_6)
FN:167,(anonymous_7)
FN:175,(anonymous_8)
FN:176,(anonymous_9)
FN:195,assetFolder
FN:200,(anonymous_11)
FN:208,(anonymous_12)
FNF:13
FNH:0
FNDA:0,getProductDetails
FNDA:0,getGeneratedFileNames
FNDA:0,(anonymous_2)
FNDA:0,(anonymous_3)
FNDA:0,(anonymous_4)
FNDA:0,(anonymous_5)
FNDA:0,(anonymous_6)
FNDA:0,(anonymous_7)
FNDA:0,(anonymous_8)
FNDA:0,(anonymous_9)
FNDA:0,assetFolder
FNDA:0,(anonymous_11)
FNDA:0,(anonymous_12)
DA:6,0
DA:7,0
DA:8,0
DA:25,0
DA:26,0
DA:41,0
DA:43,0
DA:44,0
DA:45,0
DA:46,0
DA:51,0
DA:52,0
DA:56,0
DA:60,0
DA:64,0
DA:67,0
DA:68,0
DA:69,0
DA:70,0
DA:75,0
DA:76,0
DA:80,0
DA:84,0
DA:88,0
DA:91,0
DA:92,0
DA:93,0
DA:94,0
DA:99,0
DA:100,0
DA:104,0
DA:108,0
DA:112,0
DA:115,0
DA:116,0
DA:117,0
DA:118,0
DA:123,0
DA:124,0
DA:128,0
DA:132,0
DA:136,0
DA:139,0
DA:150,0
DA:151,0
DA:153,0
DA:155,0
DA:156,0
DA:157,0
DA:160,0
DA:161,0
DA:162,0
DA:165,0
DA:166,0
DA:168,0
DA:174,0
DA:175,0
DA:177,0
DA:183,0
DA:196,0
DA:197,0
DA:198,0
DA:200,0
DA:201,0
DA:202,0
DA:204,0
DA:205,0
DA:208,0
DA:209,0
DA:210,0
DA:212,0
DA:217,0
LF:72
LH:0
BRDA:28,0,0,0
BRDA:28,0,1,0
BRDA:28,0,2,0
BRDA:28,0,3,0
BRDA:41,1,0,0
BRDA:41,1,1,0
BRDA:41,1,2,0
BRDA:41,1,3,0
BRDA:47,2,0,0
BRDA:47,2,1,0
BRDA:53,3,0,0
BRDA:53,3,1,0
BRDA:57,4,0,0
BRDA:57,4,1,0
BRDA:61,5,0,0
BRDA:61,5,1,0
BRDA:62,6,0,0
BRDA:62,6,1,0
BRDA:63,7,0,0
BRDA:63,7,1,0
BRDA:71,8,0,0
BRDA:71,8,1,0
BRDA:77,9,0,0
BRDA:77,9,1,0
BRDA:81,10,0,0
BRDA:81,10,1,0
BRDA:85,11,0,0
BRDA:85,11,1,0
BRDA:86,12,0,0
BRDA:86,12,1,0
BRDA:87,13,0,0
BRDA:87,13,1,0
BRDA:95,14,0,0
BRDA:95,14,1,0
BRDA:101,15,0,0
BRDA:101,15,1,0
BRDA:105,16,0,0
BRDA:105,16,1,0
BRDA:109,17,0,0
BRDA:109,17,1,0
BRDA:110,18,0,0
BRDA:110,18,1,0
BRDA:111,19,0,0
BRDA:111,19,1,0
BRDA:119,20,0,0
BRDA:119,20,1,0
BRDA:125,21,0,0
BRDA:125,21,1,0
BRDA:129,22,0,0
BRDA:129,22,1,0
BRDA:133,23,0,0
BRDA:133,23,1,0
BRDA:134,24,0,0
BRDA:134,24,1,0
BRDA:135,25,0,0
BRDA:135,25,1,0
BRDA:153,26,0,0
BRDA:153,26,1,0
BRDA:153,26,2,0
BRDA:153,26,3,0
BRDA:166,27,0,0
BRDA:166,27,1,0
BRDA:168,28,0,0
BRDA:168,28,1,0
BRDA:175,29,0,0
BRDA:175,29,1,0
BRDA:177,30,0,0
BRDA:177,30,1,0
BRDA:201,31,0,0
BRDA:204,32,0,0
BRDA:209,33,0,0
BRDA:209,34,0,0
BRDA:209,34,1,0
BRF:73
BRH:0
end_of_record
TN:
SF:src/helpers/imageProcessing/blankets.ts
FN:24,resizeBlanketImage
FNF:1
FNH:0
FNDA:0,resizeBlanketImage
DA:8,0
DA:9,0
DA:10,0
DA:24,0
DA:31,0
DA:32,0
DA:34,0
DA:38,0
DA:41,0
DA:44,0
DA:49,0
DA:52,0
DA:57,0
DA:60,0
DA:64,0
DA:67,0
DA:77,0
DA:80,0
DA:85,0
DA:90,0
DA:91,0
DA:94,0
DA:98,0
DA:101,0
DA:105,0
DA:108,0
DA:112,0
DA:115,0
DA:120,0
DA:123,0
DA:134,0
DA:137,0
DA:139,0
DA:140,0
DA:141,0
LF:35
LH:0
BRDA:34,0,0,0
BRDA:34,0,1,0
BRF:2
BRH:0
end_of_record
TN:
SF:src/helpers/imageProcessing/common.ts
FN:31,generateCacheKey
FN:55,manageCache
FN:63,(anonymous_2)
FN:64,(anonymous_3)
FN:68,(anonymous_4)
FN:70,(anonymous_5)
FN:80,validateAndCreateDirectory
FN:107,processImage
FN:172,createDateDirectory
FNF:9
FNH:0
FNDA:0,generateCacheKey
FNDA:0,manageCache
FNDA:0,(anonymous_2)
FNDA:0,(anonymous_3)
FNDA:0,(anonymous_4)
FNDA:0,(anonymous_5)
FNDA:0,validateAndCreateDirectory
FNDA:0,processImage
FNDA:0,createDateDirectory
DA:7,0
DA:8,0
DA:9,0
DA:10,0
DA:11,0
DA:20,0
DA:21,0
DA:22,0
DA:43,0
DA:44,0
DA:45,0
DA:48,0
DA:49,0
DA:56,0
DA:59,0
DA:60,0
DA:63,0
DA:64,0
DA:67,0
DA:68,0
DA:69,0
DA:70,0
DA:80,0
DA:81,0
DA:82,0
DA:83,0
DA:86,0
DA:87,0
DA:88,0
DA:107,0
DA:118,0
DA:120,0
DA:121,0
DA:123,0
DA:124,0
DA:125,0
DA:129,0
DA:131,0
DA:132,0
DA:135,0
DA:140,0
DA:142,0
DA:143,0
DA:146,0
DA:149,0
DA:155,0
DA:157,0
DA:159,0
DA:160,0
DA:161,0
DA:172,0
DA:173,0
DA:174,0
DA:175,0
LF:54
LH:0
BRDA:56,0,0,0
BRDA:67,1,0,0
BRDA:82,2,0,0
BRDA:123,3,0,0
BRDA:123,4,0,0
BRDA:123,4,1,0
BRDA:131,5,0,0
BRDA:142,6,0,0
BRF:8
BRH:0
end_of_record
TN:
SF:src/helpers/imageProcessing/deskMats.ts
FN:24,resizeDeskmats
FNF:1
FNH:0
FNDA:0,resizeDeskmats
DA:8,0
DA:9,0
DA:10,0
DA:24,0
DA:31,0
DA:32,0
DA:35,0
DA:36,0
DA:39,0
DA:43,0
DA:46,0
DA:50,0
DA:53,0
DA:57,0
DA:59,0
DA:61,0
DA:62,0
DA:63,0
LF:18
LH:0
BRF:0
BRH:0
end_of_record
TN:
SF:src/helpers/imageProcessing/index.ts
FN:16,(anonymous_0)
FN:16,(anonymous_1)
FN:16,(anonymous_2)
FN:19,(anonymous_3)
FN:22,(anonymous_4)
FN:25,(anonymous_5)
FN:28,(anonymous_6)
FNF:7
FNH:0
FNDA:0,(anonymous_0)
FNDA:0,(anonymous_1)
FNDA:0,(anonymous_2)
FNDA:0,(anonymous_3)
FNDA:0,(anonymous_4)
FNDA:0,(anonymous_5)
FNDA:0,(anonymous_6)
DA:16,0
DA:19,0
DA:22,0
DA:25,0
DA:28,0
LF:5
LH:0
BRF:0
BRH:0
end_of_record
TN:
SF:src/helpers/imageProcessing/pillows.ts
FN:24,resizePillowImage
FNF:1
FNH:0
FNDA:0,resizePillowImage
DA:8,0
DA:9,0
DA:10,0
DA:24,0
DA:31,0
DA:32,0
DA:35,0
DA:36,0
DA:39,0
DA:43,0
DA:45,0
DA:47,0
DA:48,0
DA:49,0
LF:14
LH:0
BRF:0
BRH:0
end_of_record
TN:
SF:src/helpers/imageProcessing/wovenBlankets.ts
FN:24,resizeWovenBlanketImage
FNF:1
FNH:0
FNDA:0,resizeWovenBlanketImage
DA:8,0
DA:9,0
DA:10,0
DA:24,0
DA:31,0
DA:32,0
DA:34,0
DA:38,0
DA:41,0
DA:43,0
DA:46,0
DA:48,0
DA:51,0
DA:54,0
DA:55,0
DA:57,0
DA:58,0
DA:60,0
DA:63,0
DA:69,0
DA:79,0
DA:88,0
DA:89,0
DA:91,0
DA:92,0
DA:94,0
DA:95,0
DA:98,0
DA:99,0
DA:101,0
DA:102,0
DA:104,0
DA:107,0
DA:113,0
DA:123,0
DA:130,0
DA:132,0
DA:133,0
DA:134,0
LF:39
LH:0
BRDA:34,0,0,0
BRDA:34,0,1,0
BRF:2
BRH:0
end_of_record
TN:
SF:src/models/schemas/etsy.ts
FNF:0
FNH:0
DA:1,0
DA:3,0
DA:68,0
LF:3
LH:0
BRF:0
BRH:0
end_of_record
TN:
SF:src/models/schemas/printify.ts
FNF:0
FNH:0
DA:1,0
DA:3,0
DA:16,0
DA:33,0
DA:47,0
DA:86,0
DA:173,0
LF:7
LH:0
BRF:0
BRH:0
end_of_record
TN:
SF:src/models/schemas/prompt.ts
FNF:0
FNH:0
DA:1,0
DA:3,0
LF:2
LH:0
BRF:0
BRH:0
end_of_record
TN:
SF:src/models/types/listing.ts
FN:1,(anonymous_0)
FN:9,(anonymous_1)
FN:38,(anonymous_2)
FN:45,(anonymous_3)
FN:51,(anonymous_4)
FN:56,(anonymous_5)
FNF:6
FNH:0
FNDA:0,(anonymous_0)
FNDA:0,(anonymous_1)
FNDA:0,(anonymous_2)
FNDA:0,(anonymous_3)
FNDA:0,(anonymous_4)
FNDA:0,(anonymous_5)
DA:1,0
DA:2,0
DA:3,0
DA:4,0
DA:5,0
DA:6,0
DA:9,0
DA:10,0
DA:11,0
DA:38,0
DA:39,0
DA:40,0
DA:41,0
DA:42,0
DA:45,0
DA:46,0
DA:47,0
DA:48,0
DA:51,0
DA:52,0
DA:53,0
DA:56,0
DA:57,0
DA:58,0
DA:59,0
LF:25
LH:0
BRDA:1,0,0,0
BRDA:1,0,1,0
BRDA:9,1,0,0
BRDA:9,1,1,0
BRDA:38,2,0,0
BRDA:38,2,1,0
BRDA:45,3,0,0
BRDA:45,3,1,0
BRDA:51,4,0,0
BRDA:51,4,1,0
BRDA:56,5,0,0
BRDA:56,5,1,0
BRF:12
BRH:0
end_of_record
TN:
SF:src/scripts/rename-files.ts
FN:24,renameFiles
FN:25,(anonymous_1)
FNF:2
FNH:0
FNDA:0,renameFiles
FNDA:0,(anonymous_1)
DA:1,0
DA:2,0
DA:3,0
DA:4,0
DA:10,0
DA:25,0
DA:26,0
DA:28,0
DA:30,0
DA:32,0
DA:34,0
DA:36,0
DA:37,0
DA:38,0
DA:40,0
DA:41,0
DA:45,0
DA:46,0
DA:48,0
DA:54,0
DA:60,0
LF:21
LH:0
BRDA:11,0,0,0
BRDA:11,0,1,0
BRDA:36,1,0,0
BRDA:51,2,0,0
BRDA:51,2,1,0
BRF:5
BRH:0
end_of_record
TN:
SF:src/service/db.ts
FN:26,executeDbOperation
FN:41,createDBListing
FN:46,(anonymous_2)
FN:55,getAllListings
FN:56,(anonymous_4)
FN:68,getUnlisted
FN:69,(anonymous_6)
FN:82,deleteListingByFileName
FN:83,(anonymous_8)
FN:99,updateListing
FN:104,(anonymous_10)
FN:115,escapeRegex
FN:120,updateEtsyListingId
FN:125,(anonymous_13)
FN:158,updateEtsyAuthCredentials
FN:188,getEtsyAuthCredentials
FNF:16
FNH:0
FNDA:0,executeDbOperation
FNDA:0,createDBListing
FNDA:0,(anonymous_2)
FNDA:0,getAllListings
FNDA:0,(anonymous_4)
FNDA:0,getUnlisted
FNDA:0,(anonymous_6)
FNDA:0,deleteListingByFileName
FNDA:0,(anonymous_8)
FNDA:0,updateListing
FNDA:0,(anonymous_10)
FNDA:0,escapeRegex
FNDA:0,updateEtsyListingId
FNDA:0,(anonymous_13)
FNDA:0,updateEtsyAuthCredentials
FNDA:0,getEtsyAuthCredentials
DA:12,0
DA:14,0
DA:15,0
DA:18,0
DA:30,0
DA:32,0
DA:33,0
DA:35,0
DA:36,0
DA:37,0
DA:41,0
DA:46,0
DA:47,0
DA:48,0
DA:49,0
DA:51,0
DA:55,0
DA:56,0
DA:57,0
DA:68,0
DA:69,0
DA:70,0
DA:82,0
DA:83,0
DA:84,0
DA:93,0
DA:94,0
DA:99,0
DA:104,0
DA:105,0
DA:107,0
DA:108,0
DA:116,0
DA:117,0
DA:120,0
DA:125,0
DA:126,0
DA:127,0
DA:132,0
DA:138,0
DA:139,0
DA:142,0
DA:143,0
DA:154,0
DA:158,0
DA:162,0
DA:163,0
DA:166,0
DA:180,0
DA:182,0
DA:183,0
DA:184,0
DA:188,0
DA:189,0
DA:190,0
DA:192,0
DA:202,0
DA:204,0
DA:205,0
DA:206,0
LF:60
LH:0
BRDA:48,0,0,0
BRDA:93,1,0,0
BRDA:107,2,0,0
BRDA:138,3,0,0
BRDA:142,4,0,0
BRDA:202,5,0,0
BRDA:202,5,1,0
BRF:7
BRH:0
end_of_record
TN:
SF:src/service/etsy.ts
FN:38,isEtsyError
FN:55,executeEtsyApiCall
FN:81,pingEtsy
FN:83,(anonymous_3)
FN:103,getAllActiveListings
FN:108,(anonymous_5)
FN:118,(anonymous_6)
FN:143,(anonymous_7)
FN:163,updateEtsyListing
FN:172,(anonymous_9)
FNF:10
FNH:9
FNDA:0,isEtsyError
FNDA:13,executeEtsyApiCall
FNDA:2,pingEtsy
FNDA:2,(anonymous_3)
FNDA:9,getAllActiveListings
FNDA:9,(anonymous_5)
FNDA:8,(anonymous_6)
FNDA:3,(anonymous_7)
FNDA:2,updateEtsyListing
FNDA:2,(anonymous_9)
DA:11,1
DA:12,1
DA:14,1
DA:15,1
DA:39,0
DA:47,1
DA:59,13
DA:60,13
DA:61,10
DA:63,3
DA:64,0
DA:69,3
DA:70,3
DA:71,3
DA:81,1
DA:82,2
DA:84,2
DA:103,1
DA:107,9
DA:109,9
DA:121,8
DA:123,8
DA:125,8
DA:126,1
DA:130,7
DA:131,4
DA:133,3
DA:134,1
DA:136,2
DA:137,0
DA:142,2
DA:143,3
DA:144,1
DA:149,1
DA:150,1
DA:163,1
DA:169,2
DA:171,2
DA:173,2
LF:39
LH:36
BRDA:40,0,0,0
BRDA:40,0,1,0
BRDA:40,0,2,0
BRDA:40,0,3,0
BRDA:63,1,0,0
BRDA:63,2,0,3
BRDA:63,2,1,0
BRDA:63,2,2,0
BRDA:110,3,0,1
BRDA:110,3,1,8
BRDA:113,4,0,9
BRDA:113,4,1,0
BRDA:121,5,0,8
BRDA:121,6,0,8
BRDA:121,6,1,8
BRDA:125,7,0,1
BRDA:130,8,0,4
BRDA:130,9,0,7
BRDA:130,9,1,4
BRDA:133,10,0,1
BRDA:133,11,0,3
BRDA:133,11,1,1
BRDA:136,12,0,0
BRDA:136,13,0,2
BRDA:136,13,1,0
BRDA:136,13,2,0
BRDA:143,14,0,1
BRDA:143,15,0,2
BRDA:143,15,1,2
BRF:29
BRH:18
end_of_record
TN:
SF:src/service/printify.ts
FN:43,executePrintifyApiCall
FN:74,uploadImages
FN:95,getUploadedImages
FN:137,createNewProduct
FNF:4
FNH:0
FNDA:0,executePrintifyApiCall
FNDA:0,uploadImages
FNDA:0,getUploadedImages
FNDA:0,createNewProduct
DA:11,0
DA:12,0
DA:19,0
DA:20,0
DA:22,0
DA:24,0
DA:29,0
DA:49,0
DA:50,0
DA:57,0
DA:58,0
DA:60,0
DA:61,0
DA:62,0
DA:74,0
DA:78,0
DA:95,0
DA:100,0
DA:102,0
DA:109,0
DA:111,0
DA:112,0
DA:114,0
DA:115,0
DA:122,0
DA:126,0
DA:137,0
DA:142,0
DA:144,0
LF:29
LH:0
BRDA:24,0,0,0
BRDA:24,0,1,0
BRDA:47,1,0,0
BRDA:111,2,0,0
BRF:4
BRH:0
end_of_record
